[15:51:13] [Server thread/INFO]: Starting minecraft server version 1.7.10
[15:51:26] [Server thread/INFO]: Loading properties
[15:51:26] [Server thread/INFO]: Default game type: SURVIVAL
[15:51:26] [Server thread/INFO]: Generating keypair
[15:51:26] [Server thread/INFO]: Starting Minecraft server on *:25565
[15:51:26] [Server thread/WARN]: **** SERVER IS RUNNING IN OFFLINE/INSECURE MODE!
[15:51:26] [Server thread/WARN]: The server will make no attempt to authenticate usernames. Beware.
[15:51:26] [Server thread/WARN]: While this makes the game possible to play without internet access, it also opens up the ability for hackers to connect with any username they choose.
[15:51:26] [Server thread/WARN]: To change this, set "online-mode" to "true" in the server.properties file.
[15:51:29] [Server thread/INFO]: Preparing level "world"
[15:51:29] [Server thread/INFO]: Preparing start region for level 0
[15:51:29] [Server thread/INFO]: Done (0,900s)! For help, type "help" or "?"
[15:51:37] [Server thread/INFO]: Unknown command. Try /help for a list of commands
[15:51:40] [Server thread/INFO]: Unknown command. Try /help for a list of commands
[15:51:45] [Server thread/INFO]: Stopping the server
[15:51:45] [Server thread/INFO]: Stopping server
[15:51:45] [Server thread/INFO]: Saving players
[15:51:45] [Server thread/INFO]: Saving worlds
[15:51:45] [Server thread/INFO]: Saving chunks for level 'world'/Overworld
[15:51:45] [Server thread/INFO]: Saving chunks for level 'world'/Nether
[15:51:45] [Server thread/INFO]: Saving chunks for level 'world'/The End
[15:51:45] [Server thread/INFO]: Saving chunks for level 'world'/Erebus
[15:51:45] [Server thread/INFO]: Saving chunks for level 'world'/Space
[15:51:45] [Server thread/INFO]: Saving chunks for level 'world'/Dimension-Chaos
[15:51:45] [Server thread/INFO]: Saving chunks for level 'world'/Dimension-Crystal
[15:51:45] [Server thread/INFO]: Saving chunks for level 'world'/Dimension-Islands
[15:51:45] [Server thread/INFO]: Saving chunks for level 'world'/Dimension-VillageMania
[15:51:45] [Server thread/INFO]: Saving chunks for level 'world'/Dimension-Extreme
[15:51:45] [Server thread/INFO]: Saving chunks for level 'world'/Infant Island
[15:51:45] [Server thread/INFO]: Saving chunks for level 'world'/Wyvern Lair
[15:51:45] [Server thread/INFO]: Saving chunks for level 'world'/Dimension-Utopia
[15:51:45] [Server thread/INFO]: Saving chunks for level 'world'/Twilight Forest
